<?xml version="1.0" encoding="UTF-8"?>
<!-- Generated by org.testng.reporters.JUnitXMLReporter -->
<testsuite hostname="DESKTOP-8RSEAS0" ignored="0" name="Test" tests="3" failures="0" timestamp="08 Jan 2019 12:59:04 GMT" time="94.901" errors="0">
  <testcase name="testValidLoginLogout" time="8.508" classname="tests.ValidLoginLogoutTest"/>
  <testcase name="testInvalidLogin" time="20.009" classname="tests.InvalidLoginTest"/>
  <testcase name="testVerifyVersion" time="0.142" classname="tests.VerifyVersionTest"/>
</testsuite> <!-- Test -->
